2025-08-30 16:12:12.571 | INFO     | notifications.telegram_bot:initialize_bot:24 - Telegram bot initialized successfully
2025-08-30 16:12:12.600 | INFO     | trading.binance_client:initialize_exchange:32 - Configurando sandbox mode para testnet
2025-08-30 16:12:12.601 | INFO     | trading.binance_client:initialize_exchange:37 - URL base del exchange: https://testnet.binance.vision/api/v3
2025-08-30 16:12:15.454 | INFO     | trading.binance_client:initialize_exchange:41 - Binance client initialized successfully
2025-08-30 16:12:15.459 | INFO     | __main__:initialize:33 - 🚀 Iniciando CryptoPump Bot...
2025-08-30 16:12:15.571 | INFO     | __main__:initialize:42 - ✅ Base de datos inicializada
2025-08-30 16:12:15.820 | INFO     | __main__:initialize:46 - ✅ Conexión Binance establecida - Balance: $9526.11
2025-08-30 16:12:16.619 | INFO     | __main__:initialize:56 - 
✅ Bot inicializado correctamente
💰 Saldo inicial: $200.00 USDT
🎯 Objetivo diario: $150.00 USDT (75.0%)
📊 Saldo actual: $9526.11 USDT
📈 Progreso diario: 0.0%
            
2025-08-30 16:12:16.620 | INFO     | __main__:start:79 - 🚀 Bot iniciado - Ejecutando 24/7...
2025-08-30 16:39:53.236 | INFO     | __main__:signal_handler:144 - 📡 Recibida señal 15
2025-08-30 16:39:53.238 | INFO     | __main__:stop:123 - 🛑 Deteniendo bot...
2025-08-30 16:39:53.243 | ERROR    | notifications.telegram_bot:send_message:44 - Error sending Telegram message: Unknown error in HTTP implementation: RuntimeError('Event loop is closed')
2025-08-30 16:39:53.244 | INFO     | __main__:stop:134 - 
✅ Bot detenido correctamente
💰 Saldo final: $200.00 USDT
📈 P&L diario: $0.00 (0.00%)
📊 Trades hoy: 0
🎯 Progreso objetivo: 0.0%
        
2025-08-30 16:39:55.500 | INFO     | __main__:signal_handler:144 - 📡 Recibida señal 15
2025-08-30 16:39:55.500 | INFO     | __main__:stop:123 - 🛑 Deteniendo bot...
2025-08-30 16:39:56.504 | ERROR    | notifications.telegram_bot:send_message:44 - Error sending Telegram message: Pool timeout: All connections in the connection pool are occupied. Request was *not* sent to Telegram. Consider adjusting the connection pool size or the pool timeout.
2025-08-30 16:39:56.505 | INFO     | __main__:stop:134 - 
✅ Bot detenido correctamente
💰 Saldo final: $200.00 USDT
📈 P&L diario: $0.00 (0.00%)
📊 Trades hoy: 0
🎯 Progreso objetivo: 0.0%
        
2025-08-30 16:46:03.578 | INFO     | notifications.telegram_bot:initialize_bot:24 - Telegram bot initialized successfully
2025-08-30 16:46:03.587 | INFO     | trading.binance_client:initialize_exchange:32 - Configurando sandbox mode para testnet
2025-08-30 16:46:03.588 | INFO     | trading.binance_client:initialize_exchange:37 - URL base del exchange: https://testnet.binance.vision/api/v3
2025-08-30 16:46:06.015 | INFO     | trading.binance_client:initialize_exchange:41 - Binance client initialized successfully
2025-08-30 16:46:06.023 | INFO     | __main__:initialize:33 - 🚀 Iniciando CryptoPump Bot...
2025-08-30 16:46:06.087 | INFO     | __main__:initialize:42 - ✅ Base de datos inicializada
2025-08-30 16:46:06.769 | INFO     | __main__:initialize:46 - ✅ Conexión Binance establecida - Balance: $9526.11
2025-08-30 16:46:07.517 | INFO     | __main__:initialize:56 - 
✅ Bot inicializado correctamente
💰 Saldo inicial: $200.00 USDT
🎯 Objetivo diario: $150.00 USDT (75.0%)
📊 Saldo actual: $9526.11 USDT
📈 Progreso diario: 0.0%
            
2025-08-30 16:46:07.518 | INFO     | __main__:start:79 - 🚀 Bot iniciado - Ejecutando 24/7...
