2025-08-28 01:26:31.376 | ERROR    | trading.binance_client:initialize_exchange:33 - Error initializing Binance client: binance {"code":-2008,"msg":"Invalid Api-Key ID."}
2025-08-28 01:26:31.407 | ERROR    | celery_app:<module>:51 - Failed to initialize BinanceClient: binance {"code":-2008,"msg":"Invalid Api-Key ID."}
2025-08-28 01:26:31.432 | INFO     | notifications.telegram_bot:initialize_bot:24 - Telegram bot initialized successfully
2025-08-28 01:26:31.433 | INFO     | celery_app:<module>:58 - TelegramNotifier initialized successfully
2025-08-30 16:12:28.966 | INFO     | trading.binance_client:initialize_exchange:37 - URL base del exchange: https://testnet.binance.vision/api/v3
2025-08-30 16:12:31.708 | INFO     | trading.binance_client:initialize_exchange:41 - Binance client initialized successfully
2025-08-30 16:12:31.709 | INFO     | celery_app:<module>:46 - BinanceClient initialized successfully
2025-08-30 16:12:31.727 | INFO     | notifications.telegram_bot:initialize_bot:24 - Telegram bot initialized successfully
2025-08-30 16:12:31.728 | INFO     | celery_app:<module>:58 - TelegramNotifier initialized successfully
2025-08-30 16:13:02.080 | INFO     | celery_app:scan_pumps:73 - Starting pump scan...
2025-08-30 16:13:32.108 | INFO     | celery_app:scan_pumps:73 - Starting pump scan...
2025-08-30 16:13:49.302 | INFO     | celery_app:scan_pumps:125 - Pump scan completed. Pumps detected: 0
2025-08-30 16:14:02.075 | INFO     | celery_app:scan_pumps:73 - Starting pump scan...
2025-08-30 16:14:10.511 | INFO     | celery_app:scan_pumps:125 - Pump scan completed. Pumps detected: 0
2025-08-30 16:14:32.088 | INFO     | celery_app:scan_pumps:73 - Starting pump scan...
2025-08-30 16:14:43.081 | INFO     | celery_app:scan_pumps:125 - Pump scan completed. Pumps detected: 0
2025-08-30 16:15:02.077 | INFO     | celery_app:scan_pumps:73 - Starting pump scan...
2025-08-30 16:15:10.794 | INFO     | celery_app:scan_pumps:125 - Pump scan completed. Pumps detected: 0
2025-08-30 16:15:32.109 | INFO     | celery_app:scan_pumps:73 - Starting pump scan...
2025-08-30 16:15:43.639 | INFO     | celery_app:scan_pumps:125 - Pump scan completed. Pumps detected: 0
2025-08-30 16:16:02.074 | INFO     | celery_app:scan_pumps:73 - Starting pump scan...
2025-08-30 16:16:11.232 | INFO     | celery_app:scan_pumps:125 - Pump scan completed. Pumps detected: 0
2025-08-30 16:16:32.087 | INFO     | celery_app:scan_pumps:73 - Starting pump scan...
2025-08-30 16:16:41.055 | INFO     | celery_app:scan_pumps:125 - Pump scan completed. Pumps detected: 0
2025-08-30 16:17:02.076 | INFO     | celery_app:scan_pumps:73 - Starting pump scan...
2025-08-30 16:17:10.369 | INFO     | celery_app:scan_pumps:125 - Pump scan completed. Pumps detected: 0
2025-08-30 16:17:32.080 | INFO     | celery_app:scan_top_movers:145 - Starting top movers scan...
2025-08-30 16:17:40.665 | INFO     | celery_app:scan_pumps:125 - Pump scan completed. Pumps detected: 0
2025-08-30 16:17:40.688 | INFO     | celery_app:scan_pumps:73 - Starting pump scan...
2025-08-30 16:18:07.087 | INFO     | celery_app:scan_top_movers:187 - Top movers scan completed. Trades executed: 0
2025-08-30 16:18:07.092 | INFO     | celery_app:scan_pumps:73 - Starting pump scan...
2025-08-30 16:18:15.502 | INFO     | celery_app:scan_pumps:125 - Pump scan completed. Pumps detected: 0
2025-08-30 16:18:32.098 | INFO     | celery_app:scan_pumps:73 - Starting pump scan...
2025-08-30 16:18:45.316 | INFO     | celery_app:scan_pumps:125 - Pump scan completed. Pumps detected: 0
2025-08-30 16:19:02.087 | INFO     | celery_app:scan_pumps:73 - Starting pump scan...
2025-08-30 16:19:09.637 | INFO     | celery_app:scan_pumps:125 - Pump scan completed. Pumps detected: 0
2025-08-30 16:19:32.113 | INFO     | celery_app:scan_pumps:73 - Starting pump scan...
2025-08-30 16:19:41.872 | INFO     | celery_app:scan_pumps:125 - Pump scan completed. Pumps detected: 0
2025-08-30 16:20:02.087 | INFO     | celery_app:scan_pumps:73 - Starting pump scan...
2025-08-30 16:20:11.668 | INFO     | celery_app:scan_pumps:125 - Pump scan completed. Pumps detected: 0
2025-08-30 16:20:32.098 | INFO     | celery_app:scan_pumps:73 - Starting pump scan...
2025-08-30 16:20:42.467 | INFO     | celery_app:scan_pumps:125 - Pump scan completed. Pumps detected: 0
2025-08-30 16:21:02.084 | INFO     | celery_app:scan_pumps:73 - Starting pump scan...
2025-08-30 16:21:10.706 | INFO     | celery_app:scan_pumps:125 - Pump scan completed. Pumps detected: 0
2025-08-30 16:21:32.095 | INFO     | celery_app:scan_pumps:73 - Starting pump scan...
2025-08-30 16:21:40.233 | INFO     | celery_app:scan_pumps:125 - Pump scan completed. Pumps detected: 0
2025-08-30 16:22:02.085 | INFO     | celery_app:scan_pumps:73 - Starting pump scan...
2025-08-30 16:22:11.749 | INFO     | celery_app:scan_pumps:125 - Pump scan completed. Pumps detected: 0
2025-08-30 16:22:32.065 | INFO     | celery_app:scan_top_movers:145 - Starting top movers scan...
2025-08-30 16:22:41.349 | INFO     | celery_app:scan_pumps:125 - Pump scan completed. Pumps detected: 0
2025-08-30 16:22:41.360 | INFO     | celery_app:scan_pumps:73 - Starting pump scan...
2025-08-30 16:23:07.199 | INFO     | celery_app:scan_top_movers:187 - Top movers scan completed. Trades executed: 0
2025-08-30 16:23:07.203 | INFO     | celery_app:scan_pumps:73 - Starting pump scan...
2025-08-30 16:23:15.197 | INFO     | celery_app:scan_pumps:125 - Pump scan completed. Pumps detected: 0
2025-08-30 16:23:32.083 | INFO     | celery_app:scan_pumps:73 - Starting pump scan...
2025-08-30 16:23:48.341 | INFO     | celery_app:scan_pumps:125 - Pump scan completed. Pumps detected: 0
2025-08-30 16:24:02.089 | INFO     | celery_app:scan_pumps:73 - Starting pump scan...
2025-08-30 16:24:08.688 | INFO     | celery_app:scan_pumps:125 - Pump scan completed. Pumps detected: 0
2025-08-30 16:24:32.102 | INFO     | celery_app:scan_pumps:73 - Starting pump scan...
2025-08-30 16:24:44.866 | INFO     | celery_app:scan_pumps:125 - Pump scan completed. Pumps detected: 0
2025-08-30 16:25:02.089 | INFO     | celery_app:scan_pumps:73 - Starting pump scan...
2025-08-30 16:25:08.241 | INFO     | celery_app:scan_pumps:125 - Pump scan completed. Pumps detected: 0
2025-08-30 16:25:32.101 | INFO     | celery_app:scan_pumps:73 - Starting pump scan...
2025-08-30 16:25:43.619 | INFO     | celery_app:scan_pumps:125 - Pump scan completed. Pumps detected: 0
2025-08-30 16:26:02.092 | INFO     | celery_app:scan_pumps:73 - Starting pump scan...
2025-08-30 16:26:10.680 | INFO     | celery_app:scan_pumps:125 - Pump scan completed. Pumps detected: 0
2025-08-30 16:26:32.099 | INFO     | celery_app:scan_pumps:73 - Starting pump scan...
2025-08-30 16:26:39.404 | INFO     | celery_app:scan_pumps:125 - Pump scan completed. Pumps detected: 0
2025-08-30 16:27:02.092 | INFO     | celery_app:scan_pumps:73 - Starting pump scan...
2025-08-30 16:27:11.172 | INFO     | celery_app:scan_pumps:125 - Pump scan completed. Pumps detected: 0
2025-08-30 16:27:32.080 | INFO     | celery_app:scan_top_movers:145 - Starting top movers scan...
2025-08-30 16:27:41.574 | INFO     | celery_app:scan_pumps:125 - Pump scan completed. Pumps detected: 0
2025-08-30 16:27:41.587 | INFO     | celery_app:scan_pumps:73 - Starting pump scan...
2025-08-30 16:28:07.271 | INFO     | celery_app:scan_top_movers:187 - Top movers scan completed. Trades executed: 0
2025-08-30 16:28:07.280 | INFO     | celery_app:scan_pumps:73 - Starting pump scan...
2025-08-30 16:28:17.134 | INFO     | celery_app:scan_pumps:125 - Pump scan completed. Pumps detected: 0
2025-08-30 16:28:32.089 | INFO     | celery_app:scan_pumps:73 - Starting pump scan...
2025-08-30 16:28:45.714 | INFO     | celery_app:scan_pumps:125 - Pump scan completed. Pumps detected: 0
2025-08-30 16:29:02.101 | INFO     | celery_app:scan_pumps:73 - Starting pump scan...
2025-08-30 16:29:12.056 | INFO     | celery_app:scan_pumps:125 - Pump scan completed. Pumps detected: 0
2025-08-30 16:29:32.098 | INFO     | celery_app:scan_pumps:73 - Starting pump scan...
2025-08-30 16:29:39.926 | INFO     | celery_app:scan_pumps:125 - Pump scan completed. Pumps detected: 0
2025-08-30 16:30:02.094 | INFO     | celery_app:scan_pumps:73 - Starting pump scan...
2025-08-30 16:30:11.491 | INFO     | celery_app:scan_pumps:125 - Pump scan completed. Pumps detected: 0
2025-08-30 16:30:32.093 | INFO     | celery_app:scan_pumps:73 - Starting pump scan...
2025-08-30 16:30:40.739 | INFO     | celery_app:scan_pumps:125 - Pump scan completed. Pumps detected: 0
2025-08-30 16:31:02.099 | INFO     | celery_app:scan_pumps:73 - Starting pump scan...
2025-08-30 16:31:11.932 | INFO     | celery_app:scan_pumps:125 - Pump scan completed. Pumps detected: 0
2025-08-30 16:31:32.097 | INFO     | celery_app:scan_pumps:73 - Starting pump scan...
2025-08-30 16:31:39.498 | INFO     | celery_app:scan_pumps:125 - Pump scan completed. Pumps detected: 0
2025-08-30 16:32:02.097 | INFO     | celery_app:scan_pumps:73 - Starting pump scan...
2025-08-30 16:32:11.782 | INFO     | celery_app:scan_pumps:125 - Pump scan completed. Pumps detected: 0
2025-08-30 16:32:32.075 | INFO     | celery_app:scan_top_movers:145 - Starting top movers scan...
2025-08-30 16:32:41.469 | INFO     | celery_app:scan_pumps:125 - Pump scan completed. Pumps detected: 0
2025-08-30 16:32:41.493 | INFO     | celery_app:scan_pumps:73 - Starting pump scan...
2025-08-30 16:33:11.365 | INFO     | celery_app:scan_top_movers:187 - Top movers scan completed. Trades executed: 0
2025-08-30 16:33:11.378 | INFO     | celery_app:scan_pumps:73 - Starting pump scan...
2025-08-30 16:33:21.763 | INFO     | celery_app:scan_pumps:125 - Pump scan completed. Pumps detected: 0
2025-08-30 16:33:32.098 | INFO     | celery_app:scan_pumps:73 - Starting pump scan...
2025-08-30 16:33:52.961 | INFO     | celery_app:scan_pumps:125 - Pump scan completed. Pumps detected: 0
2025-08-30 16:34:02.091 | INFO     | celery_app:scan_pumps:73 - Starting pump scan...
2025-08-30 16:34:12.452 | INFO     | celery_app:scan_pumps:125 - Pump scan completed. Pumps detected: 0
2025-08-30 16:34:32.096 | INFO     | celery_app:scan_pumps:73 - Starting pump scan...
2025-08-30 16:34:42.715 | INFO     | celery_app:scan_pumps:125 - Pump scan completed. Pumps detected: 0
2025-08-30 16:35:02.096 | INFO     | celery_app:scan_pumps:73 - Starting pump scan...
2025-08-30 16:35:10.314 | INFO     | celery_app:scan_pumps:125 - Pump scan completed. Pumps detected: 0
2025-08-30 16:35:32.102 | INFO     | celery_app:scan_pumps:73 - Starting pump scan...
2025-08-30 16:35:40.220 | INFO     | celery_app:scan_pumps:125 - Pump scan completed. Pumps detected: 0
2025-08-30 16:36:02.093 | INFO     | celery_app:scan_pumps:73 - Starting pump scan...
2025-08-30 16:36:09.205 | INFO     | celery_app:scan_pumps:125 - Pump scan completed. Pumps detected: 0
2025-08-30 16:36:32.091 | INFO     | celery_app:scan_pumps:73 - Starting pump scan...
2025-08-30 16:36:41.461 | INFO     | celery_app:scan_pumps:125 - Pump scan completed. Pumps detected: 0
2025-08-30 16:37:02.093 | INFO     | celery_app:scan_pumps:73 - Starting pump scan...
2025-08-30 16:37:10.667 | INFO     | celery_app:scan_pumps:125 - Pump scan completed. Pumps detected: 0
2025-08-30 16:37:32.072 | INFO     | celery_app:scan_top_movers:145 - Starting top movers scan...
2025-08-30 16:37:40.644 | INFO     | celery_app:scan_pumps:125 - Pump scan completed. Pumps detected: 0
2025-08-30 16:37:40.657 | INFO     | celery_app:scan_pumps:73 - Starting pump scan...
2025-08-30 16:38:08.156 | INFO     | celery_app:scan_top_movers:187 - Top movers scan completed. Trades executed: 0
2025-08-30 16:38:08.165 | INFO     | celery_app:scan_pumps:73 - Starting pump scan...
2025-08-30 16:38:18.717 | INFO     | celery_app:scan_pumps:125 - Pump scan completed. Pumps detected: 0
2025-08-30 16:38:32.092 | INFO     | celery_app:scan_pumps:73 - Starting pump scan...
2025-08-30 16:38:48.417 | INFO     | celery_app:scan_pumps:125 - Pump scan completed. Pumps detected: 0
2025-08-30 16:39:02.096 | INFO     | celery_app:scan_pumps:73 - Starting pump scan...
2025-08-30 16:39:11.808 | INFO     | celery_app:scan_pumps:125 - Pump scan completed. Pumps detected: 0
2025-08-30 16:39:32.092 | INFO     | celery_app:scan_pumps:73 - Starting pump scan...
2025-08-30 16:39:38.506 | INFO     | celery_app:scan_pumps:125 - Pump scan completed. Pumps detected: 0
